<!DOCTYPE html>
<html>
  <head>
    <meta charset="utf-8"/>
    <title>Test Report</title>
    <link href="assets/style.css" rel="stylesheet" type="text/css"/></head>
  <body onLoad="init()">
    <script>/* This Source Code Form is subject to the terms of the Mozilla Public
 * License, v. 2.0. If a copy of the MPL was not distributed with this file,
 * You can obtain one at http://mozilla.org/MPL/2.0/. */


function toArray(iter) {
    if (iter === null) {
        return null;
    }
    return Array.prototype.slice.call(iter);
}

function find(selector, elem) {
    if (!elem) {
        elem = document;
    }
    return elem.querySelector(selector);
}

function find_all(selector, elem) {
    if (!elem) {
        elem = document;
    }
    return toArray(elem.querySelectorAll(selector));
}

function sort_column(elem) {
    toggle_sort_states(elem);
    var colIndex = toArray(elem.parentNode.childNodes).indexOf(elem);
    var key;
    if (elem.classList.contains('numeric')) {
        key = key_num;
    } else if (elem.classList.contains('result')) {
        key = key_result;
    } else {
        key = key_alpha;
    }
    sort_table(elem, key(colIndex));
}

function show_all_extras() {
    find_all('.col-result').forEach(show_extras);
}

function hide_all_extras() {
    find_all('.col-result').forEach(hide_extras);
}

function show_extras(colresult_elem) {
    var extras = colresult_elem.parentNode.nextElementSibling;
    var expandcollapse = colresult_elem.firstElementChild;
    extras.classList.remove("collapsed");
    expandcollapse.classList.remove("expander");
    expandcollapse.classList.add("collapser");
}

function hide_extras(colresult_elem) {
    var extras = colresult_elem.parentNode.nextElementSibling;
    var expandcollapse = colresult_elem.firstElementChild;
    extras.classList.add("collapsed");
    expandcollapse.classList.remove("collapser");
    expandcollapse.classList.add("expander");
}

function show_filters() {
    var filter_items = document.getElementsByClassName('filter');
    for (var i = 0; i < filter_items.length; i++)
        filter_items[i].hidden = false;
}

function add_collapse() {
    // Add links for show/hide all
    var resulttable = find('table#results-table');
    var showhideall = document.createElement("p");
    showhideall.innerHTML = '<a href="javascript:show_all_extras()">Show all details</a> / ' +
                            '<a href="javascript:hide_all_extras()">Hide all details</a>';
    resulttable.parentElement.insertBefore(showhideall, resulttable);

    // Add show/hide link to each result
    find_all('.col-result').forEach(function(elem) {
        var extras = elem.parentNode.nextElementSibling;
        var expandcollapse = document.createElement("span");
        if (elem.innerHTML === 'Passed') {
            extras.classList.add("collapsed");
            expandcollapse.classList.add("expander");
        } else {
            expandcollapse.classList.add("collapser");
        }
        elem.appendChild(expandcollapse);

        elem.addEventListener("click", function(event) {
            if (event.currentTarget.parentNode.nextElementSibling.classList.contains("collapsed")) {
                show_extras(event.currentTarget);
            } else {
                hide_extras(event.currentTarget);
            }
        });
    })
}

function init () {
    reset_sort_headers();

    add_collapse();

    show_filters();

    toggle_sort_states(find('.initial-sort'));

    find_all('.sortable').forEach(function(elem) {
        elem.addEventListener("click",
                              function(event) {
                                  sort_column(elem);
                              }, false)
    });
    hide_all_extras();

};

function sort_table(clicked, key_func) {
    var rows = find_all('.results-table-row');
    var reversed = !clicked.classList.contains('asc');
    var sorted_rows = sort(rows, key_func, reversed);
    /* Whole table is removed here because browsers acts much slower
     * when appending existing elements.
     */
    var thead = document.getElementById("results-table-head");
    document.getElementById('results-table').remove();
    var parent = document.createElement("table");
    parent.id = "results-table";
    parent.appendChild(thead);
    sorted_rows.forEach(function(elem) {
        parent.appendChild(elem);
    });
    document.getElementsByTagName("BODY")[0].appendChild(parent);
}

function sort(items, key_func, reversed) {
    var sort_array = items.map(function(item, i) {
        return [key_func(item), i];
    });
    var multiplier = reversed ? -1 : 1;

    sort_array.sort(function(a, b) {
        var key_a = a[0];
        var key_b = b[0];
        return multiplier * (key_a >= key_b ? 1 : -1);
    });

    return sort_array.map(function(item) {
        var index = item[1];
        return items[index];
    });
}

function key_alpha(col_index) {
    return function(elem) {
        return elem.childNodes[1].childNodes[col_index].firstChild.data.toLowerCase();
    };
}

function key_num(col_index) {
    return function(elem) {
        return parseFloat(elem.childNodes[1].childNodes[col_index].firstChild.data);
    };
}

function key_result(col_index) {
    return function(elem) {
        var strings = ['Error', 'Failed', 'Rerun', 'XFailed', 'XPassed',
                       'Skipped', 'Passed'];
        return strings.indexOf(elem.childNodes[1].childNodes[col_index].firstChild.data);
    };
}

function reset_sort_headers() {
    find_all('.sort-icon').forEach(function(elem) {
        elem.parentNode.removeChild(elem);
    });
    find_all('.sortable').forEach(function(elem) {
        var icon = document.createElement("div");
        icon.className = "sort-icon";
        icon.textContent = "vvv";
        elem.insertBefore(icon, elem.firstChild);
        elem.classList.remove("desc", "active");
        elem.classList.add("asc", "inactive");
    });
}

function toggle_sort_states(elem) {
    //if active, toggle between asc and desc
    if (elem.classList.contains('active')) {
        elem.classList.toggle('asc');
        elem.classList.toggle('desc');
    }

    //if inactive, reset all other functions and add ascending active
    if (elem.classList.contains('inactive')) {
        reset_sort_headers();
        elem.classList.remove('inactive');
        elem.classList.add('active');
    }
}

function is_all_rows_hidden(value) {
  return value.hidden == false;
}

function filter_table(elem) {
    var outcome_att = "data-test-result";
    var outcome = elem.getAttribute(outcome_att);
    class_outcome = outcome + " results-table-row";
    var outcome_rows = document.getElementsByClassName(class_outcome);

    for(var i = 0; i < outcome_rows.length; i++){
        outcome_rows[i].hidden = !elem.checked;
    }

    var rows = find_all('.results-table-row').filter(is_all_rows_hidden);
    var all_rows_hidden = rows.length == 0 ? true : false;
    var not_found_message = document.getElementById("not-found-message");
    not_found_message.hidden = !all_rows_hidden;
}
</script>
    <p>Report generated on 28-Apr-2017 at 00:31:20 by<a href="https://pypi.python.org/pypi/pytest-html"> pytest-html</a> v1.14.2</p>
    <h2>Environment</h2>
    <table id="environment">
      <tr>
        <td>JAVA_HOME</td>
        <td>C:\Program Files\Java\jdk1.8.0_77</td></tr>
      <tr>
        <td>Packages</td>
        <td>{&apos;pytest&apos;: &apos;3.0.5&apos;, &apos;py&apos;: &apos;1.4.32&apos;, &apos;pluggy&apos;: &apos;0.4.0&apos;}</td></tr>
      <tr>
        <td>Platform</td>
        <td>Windows-10-10.0.10586-SP0</td></tr>
      <tr>
        <td>Plugins</td>
        <td>{&apos;html&apos;: &apos;1.14.2&apos;, &apos;metadata&apos;: &apos;1.3.0&apos;}</td></tr>
      <tr>
        <td>Python</td>
        <td>3.6.0</td></tr></table>
    <h2>Summary</h2>
    <p>32 tests ran in 0.49 seconds. </p>
    <p class="filter" hidden="true">(Un)check the boxes to filter the results.</p><input checked="true" class="filter" data-test-result="passed" hidden="true" name="filter_checkbox" onChange="filter_table(this)" type="checkbox"/><span class="passed">5 passed</span>, <input checked="true" class="filter" data-test-result="skipped" disabled="true" hidden="true" name="filter_checkbox" onChange="filter_table(this)" type="checkbox"/><span class="skipped">0 skipped</span>, <input checked="true" class="filter" data-test-result="failed" hidden="true" name="filter_checkbox" onChange="filter_table(this)" type="checkbox"/><span class="failed">27 failed</span>, <input checked="true" class="filter" data-test-result="error" disabled="true" hidden="true" name="filter_checkbox" onChange="filter_table(this)" type="checkbox"/><span class="error">0 errors</span>, <input checked="true" class="filter" data-test-result="xfailed" disabled="true" hidden="true" name="filter_checkbox" onChange="filter_table(this)" type="checkbox"/><span class="xfailed">0 expected failures</span>, <input checked="true" class="filter" data-test-result="xpassed" disabled="true" hidden="true" name="filter_checkbox" onChange="filter_table(this)" type="checkbox"/><span class="xpassed">0 unexpected passes</span>
    <h2>Results</h2>
    <table id="results-table">
      <thead id="results-table-head">
        <tr>
          <th>Chapter</th>
          <th class="sortable result initial-sort" col="result">Result</th>
          <th class="sortable" col="name">Test</th>
          <th class="sortable numeric" col="duration">Duration</th></tr>
        <tr hidden="true" id="not-found-message">
          <th colspan="4">No results found. Try to check the filters</th></tr></thead>
      <tbody class="failed results-table-row">
        <tr>
          <td>Chapter_03</td>
          <td class="col-result">Failed</td>
          <td class="col-name">Chapter_03/test_solution.py::TestChapter03::test_solution</td>
          <td class="col-duration">0.00</td></tr>
        <tr>
          <td class="extra" colspan="4">
            <div class="log">self = &lt;thinkcspy_assignments.Chapter_03.test_solution.TestChapter03 testMethod=test_solution&gt;<br/><br/>    def test_solution(self):<br/>&gt;       self.assertEqual(calculate_temp(49), 89)<br/><br/>Chapter_03\test_solution.py:8: <br/>_ _ _ _ _ _ _ _ _ _ _ _ _ _ _ _ _ _ _ _ _ _ _ _ _ _ _ _ _ _ _ _ _ _ _ _ _ _ _ _<br/><br/>num_clicks = 49<br/><br/>    def calculate_temp(num_clicks):<br/>    # TODO calculate the temperature (use the variable name of temp)<br/>    <br/>&gt;       return temp<br/><span class="error">E       NameError: name &#x27;temp&#x27; is not defined</span><br/><br/>Chapter_03\solution.py:4: NameError<br/></div></td></tr></tbody>
      <tbody class="failed results-table-row">
        <tr>
          <td>Chapter_03</td>
          <td class="col-result">Failed</td>
          <td class="col-name">Chapter_03/test_solution.py::TestChapter03::test_solution_2</td>
          <td class="col-duration">0.00</td></tr>
        <tr>
          <td class="extra" colspan="4">
            <div class="log">self = &lt;thinkcspy_assignments.Chapter_03.test_solution.TestChapter03 testMethod=test_solution_2&gt;<br/><br/>    def test_solution_2(self):<br/>&gt;       self.assertEqual(calculate_temp(50), 40)<br/><br/>Chapter_03\test_solution.py:11: <br/>_ _ _ _ _ _ _ _ _ _ _ _ _ _ _ _ _ _ _ _ _ _ _ _ _ _ _ _ _ _ _ _ _ _ _ _ _ _ _ _<br/><br/>num_clicks = 50<br/><br/>    def calculate_temp(num_clicks):<br/>    # TODO calculate the temperature (use the variable name of temp)<br/>    <br/>&gt;       return temp<br/><span class="error">E       NameError: name &#x27;temp&#x27; is not defined</span><br/><br/>Chapter_03\solution.py:4: NameError<br/></div></td></tr></tbody>
      <tbody class="failed results-table-row">
        <tr>
          <td>Chapter_03</td>
          <td class="col-result">Failed</td>
          <td class="col-name">Chapter_03/test_solution.py::TestChapter03::test_solution_3</td>
          <td class="col-duration">0.00</td></tr>
        <tr>
          <td class="extra" colspan="4">
            <div class="log">self = &lt;thinkcspy_assignments.Chapter_03.test_solution.TestChapter03 testMethod=test_solution_3&gt;<br/><br/>    def test_solution_3(self):<br/>&gt;       self.assertEqual(calculate_temp(0), 40)<br/><br/>Chapter_03\test_solution.py:14: <br/>_ _ _ _ _ _ _ _ _ _ _ _ _ _ _ _ _ _ _ _ _ _ _ _ _ _ _ _ _ _ _ _ _ _ _ _ _ _ _ _<br/><br/>num_clicks = 0<br/><br/>    def calculate_temp(num_clicks):<br/>    # TODO calculate the temperature (use the variable name of temp)<br/>    <br/>&gt;       return temp<br/><span class="error">E       NameError: name &#x27;temp&#x27; is not defined</span><br/><br/>Chapter_03\solution.py:4: NameError<br/></div></td></tr></tbody>
      <tbody class="failed results-table-row">
        <tr>
          <td>Chapter_03</td>
          <td class="col-result">Failed</td>
          <td class="col-name">Chapter_03/test_solution.py::TestChapter03::test_solution_4</td>
          <td class="col-duration">0.00</td></tr>
        <tr>
          <td class="extra" colspan="4">
            <div class="log">self = &lt;thinkcspy_assignments.Chapter_03.test_solution.TestChapter03 testMethod=test_solution_4&gt;<br/><br/>    def test_solution_4(self):<br/>&gt;       self.assertEqual(calculate_temp(201), 41)<br/><br/>Chapter_03\test_solution.py:17: <br/>_ _ _ _ _ _ _ _ _ _ _ _ _ _ _ _ _ _ _ _ _ _ _ _ _ _ _ _ _ _ _ _ _ _ _ _ _ _ _ _<br/><br/>num_clicks = 201<br/><br/>    def calculate_temp(num_clicks):<br/>    # TODO calculate the temperature (use the variable name of temp)<br/>    <br/>&gt;       return temp<br/><span class="error">E       NameError: name &#x27;temp&#x27; is not defined</span><br/><br/>Chapter_03\solution.py:4: NameError<br/></div></td></tr></tbody>
      <tbody class="failed results-table-row">
        <tr>
          <td>Chapter_03</td>
          <td class="col-result">Failed</td>
          <td class="col-name">Chapter_03/test_solution.py::TestChapter03::test_solution_5</td>
          <td class="col-duration">0.00</td></tr>
        <tr>
          <td class="extra" colspan="4">
            <div class="log">self = &lt;thinkcspy_assignments.Chapter_03.test_solution.TestChapter03 testMethod=test_solution_5&gt;<br/><br/>    def test_solution_5(self):<br/>&gt;       self.assertEqual(calculate_temp(-1), 89)<br/><br/>Chapter_03\test_solution.py:20: <br/>_ _ _ _ _ _ _ _ _ _ _ _ _ _ _ _ _ _ _ _ _ _ _ _ _ _ _ _ _ _ _ _ _ _ _ _ _ _ _ _<br/><br/>num_clicks = -1<br/><br/>    def calculate_temp(num_clicks):<br/>    # TODO calculate the temperature (use the variable name of temp)<br/>    <br/>&gt;       return temp<br/><span class="error">E       NameError: name &#x27;temp&#x27; is not defined</span><br/><br/>Chapter_03\solution.py:4: NameError<br/></div></td></tr></tbody>
      <tbody class="failed results-table-row">
        <tr>
          <td>Chapter_04</td>
          <td class="col-result">Failed</td>
          <td class="col-name">Chapter_04/test_solution.py::TestChapter04::test_solution</td>
          <td class="col-duration">0.00</td></tr>
        <tr>
          <td class="extra" colspan="4">
            <div class="log">self = &lt;thinkcspy_assignments.Chapter_04.test_solution.TestChapter04 testMethod=test_solution&gt;<br/><br/>    def test_solution(self):<br/>&gt;       self.assertEqual(square([2, 3, 4, 6, 9, 10, 15, 20]), [4, 9, 16, 36, 81, 100, 225, 400])<br/><span class="error">E       AssertionError: Lists differ: [] != [4, 9, 16, 36, 81, 100, 225, 400]</span><br/><span class="error">E       </span><br/><span class="error">E       Second list contains 8 additional elements.</span><br/><span class="error">E       First extra element 0:</span><br/><span class="error">E       4</span><br/><span class="error">E       </span><br/><span class="error">E       - []</span><br/><span class="error">E       + [4, 9, 16, 36, 81, 100, 225, 400]</span><br/><br/>Chapter_04\test_solution.py:7: AssertionError<br/></div></td></tr></tbody>
      <tbody class="failed results-table-row">
        <tr>
          <td>Chapter_05</td>
          <td class="col-result">Failed</td>
          <td class="col-name">Chapter_05/test_solution.py::TestChapter05::test_solution</td>
          <td class="col-duration">0.00</td></tr>
        <tr>
          <td class="extra" colspan="4">
            <div class="log">self = &lt;thinkcspy_assignments.Chapter_05.test_solution.TestChapter05 testMethod=test_solution&gt;<br/><br/>    def test_solution(self):<br/>&gt;       self.assertEqual(area_of_circle(0), 0)<br/><span class="error">E       AssertionError: None != 0</span><br/><br/>Chapter_05\test_solution.py:8: AssertionError<br/></div></td></tr></tbody>
      <tbody class="failed results-table-row">
        <tr>
          <td>Chapter_05</td>
          <td class="col-result">Failed</td>
          <td class="col-name">Chapter_05/test_solution.py::TestChapter05::test_solution_2</td>
          <td class="col-duration">0.00</td></tr>
        <tr>
          <td class="extra" colspan="4">
            <div class="log">self = &lt;thinkcspy_assignments.Chapter_05.test_solution.TestChapter05 testMethod=test_solution_2&gt;<br/><br/>    def test_solution_2(self):<br/>&gt;       self.assertEqual(area_of_circle(1), math.pi)<br/><span class="error">E       AssertionError: None != 3.141592653589793</span><br/><br/>Chapter_05\test_solution.py:11: AssertionError<br/></div></td></tr></tbody>
      <tbody class="failed results-table-row">
        <tr>
          <td>Chapter_05</td>
          <td class="col-result">Failed</td>
          <td class="col-name">Chapter_05/test_solution.py::TestChapter05::test_solution_3</td>
          <td class="col-duration">0.00</td></tr>
        <tr>
          <td class="extra" colspan="4">
            <div class="log">self = &lt;thinkcspy_assignments.Chapter_05.test_solution.TestChapter05 testMethod=test_solution_3&gt;<br/><br/>    def test_solution_3(self):<br/>&gt;       self.assertEqual(area_of_circle(100), 31415.926535897932)<br/><span class="error">E       AssertionError: None != 31415.926535897932</span><br/><br/>Chapter_05\test_solution.py:14: AssertionError<br/></div></td></tr></tbody>
      <tbody class="failed results-table-row">
        <tr>
          <td>Chapter_05</td>
          <td class="col-result">Failed</td>
          <td class="col-name">Chapter_05/test_solution.py::TestChapter05::test_solution_4</td>
          <td class="col-duration">0.00</td></tr>
        <tr>
          <td class="extra" colspan="4">
            <div class="log">self = &lt;thinkcspy_assignments.Chapter_05.test_solution.TestChapter05 testMethod=test_solution_4&gt;<br/><br/>    def test_solution_4(self):<br/>&gt;       self.assertEqual(area_of_circle(-1), math.pi)<br/><span class="error">E       AssertionError: None != 3.141592653589793</span><br/><br/>Chapter_05\test_solution.py:17: AssertionError<br/></div></td></tr></tbody>
      <tbody class="failed results-table-row">
        <tr>
          <td>Chapter_05</td>
          <td class="col-result">Failed</td>
          <td class="col-name">Chapter_05/test_solution.py::TestChapter05::test_solution_5</td>
          <td class="col-duration">0.00</td></tr>
        <tr>
          <td class="extra" colspan="4">
            <div class="log">self = &lt;thinkcspy_assignments.Chapter_05.test_solution.TestChapter05 testMethod=test_solution_5&gt;<br/><br/>    def test_solution_5(self):<br/>&gt;       self.assertEqual(area_of_circle(-5), 25 * math.pi)<br/><span class="error">E       AssertionError: None != 78.53981633974483</span><br/><br/>Chapter_05\test_solution.py:20: AssertionError<br/></div></td></tr></tbody>
      <tbody class="failed results-table-row">
        <tr>
          <td>Chapter_06</td>
          <td class="col-result">Failed</td>
          <td class="col-name">Chapter_06/test_solution.py::TestChapter06::test_solution</td>
          <td class="col-duration">0.00</td></tr>
        <tr>
          <td class="extra" colspan="4">
            <div class="log">self = &lt;thinkcspy_assignments.Chapter_06.test_solution.TestChapter06 testMethod=test_solution&gt;<br/><br/>    def test_solution(self):<br/>&gt;       self.assertEqual(is_Leap(1944), True)<br/><span class="error">E       AssertionError: None != True</span><br/><br/>Chapter_06\test_solution.py:7: AssertionError<br/></div></td></tr></tbody>
      <tbody class="failed results-table-row">
        <tr>
          <td>Chapter_06</td>
          <td class="col-result">Failed</td>
          <td class="col-name">Chapter_06/test_solution.py::TestChapter06::test_solution_02</td>
          <td class="col-duration">0.00</td></tr>
        <tr>
          <td class="extra" colspan="4">
            <div class="log">self = &lt;thinkcspy_assignments.Chapter_06.test_solution.TestChapter06 testMethod=test_solution_02&gt;<br/><br/>    def test_solution_02(self):<br/>&gt;       self.assertEqual(is_Leap(2011), False)<br/><span class="error">E       AssertionError: None != False</span><br/><br/>Chapter_06\test_solution.py:10: AssertionError<br/></div></td></tr></tbody>
      <tbody class="failed results-table-row">
        <tr>
          <td>Chapter_06</td>
          <td class="col-result">Failed</td>
          <td class="col-name">Chapter_06/test_solution.py::TestChapter06::test_solution_03</td>
          <td class="col-duration">0.00</td></tr>
        <tr>
          <td class="extra" colspan="4">
            <div class="log">self = &lt;thinkcspy_assignments.Chapter_06.test_solution.TestChapter06 testMethod=test_solution_03&gt;<br/><br/>    def test_solution_03(self):<br/>&gt;       self.assertEqual(is_Leap(1986), False)<br/><span class="error">E       AssertionError: None != False</span><br/><br/>Chapter_06\test_solution.py:13: AssertionError<br/></div></td></tr></tbody>
      <tbody class="failed results-table-row">
        <tr>
          <td>Chapter_06</td>
          <td class="col-result">Failed</td>
          <td class="col-name">Chapter_06/test_solution.py::TestChapter06::test_solution_04</td>
          <td class="col-duration">0.00</td></tr>
        <tr>
          <td class="extra" colspan="4">
            <div class="log">self = &lt;thinkcspy_assignments.Chapter_06.test_solution.TestChapter06 testMethod=test_solution_04&gt;<br/><br/>    def test_solution_04(self):<br/>&gt;       self.assertEqual(is_Leap(1956), True)<br/><span class="error">E       AssertionError: None != True</span><br/><br/>Chapter_06\test_solution.py:16: AssertionError<br/></div></td></tr></tbody>
      <tbody class="failed results-table-row">
        <tr>
          <td>Chapter_06</td>
          <td class="col-result">Failed</td>
          <td class="col-name">Chapter_06/test_solution.py::TestChapter06::test_solution_05</td>
          <td class="col-duration">0.00</td></tr>
        <tr>
          <td class="extra" colspan="4">
            <div class="log">self = &lt;thinkcspy_assignments.Chapter_06.test_solution.TestChapter06 testMethod=test_solution_05&gt;<br/><br/>    def test_solution_05(self):<br/>&gt;       self.assertEqual(is_Leap(1800), False)<br/><span class="error">E       AssertionError: None != False</span><br/><br/>Chapter_06\test_solution.py:19: AssertionError<br/></div></td></tr></tbody>
      <tbody class="failed results-table-row">
        <tr>
          <td>Chapter_06</td>
          <td class="col-result">Failed</td>
          <td class="col-name">Chapter_06/test_solution.py::TestChapter06::test_solution_06</td>
          <td class="col-duration">0.00</td></tr>
        <tr>
          <td class="extra" colspan="4">
            <div class="log">self = &lt;thinkcspy_assignments.Chapter_06.test_solution.TestChapter06 testMethod=test_solution_06&gt;<br/><br/>    def test_solution_06(self):<br/>&gt;       self.assertEqual(is_Leap(1600), True)<br/><span class="error">E       AssertionError: None != True</span><br/><br/>Chapter_06\test_solution.py:22: AssertionError<br/></div></td></tr></tbody>
      <tbody class="failed results-table-row">
        <tr>
          <td>Chapter_07</td>
          <td class="col-result">Failed</td>
          <td class="col-name">Chapter_07/test_solution.py::TestChapter07::test_solution</td>
          <td class="col-duration">0.00</td></tr>
        <tr>
          <td class="extra" colspan="4">
            <div class="log">self = &lt;thinkcspy_assignments.Chapter_07.test_solution.TestChapter07 testMethod=test_solution&gt;<br/><br/>    def test_solution(self):<br/>&gt;       self.assertEqual(is_prime(1), False)<br/><span class="error">E       AssertionError: None != False</span><br/><br/>Chapter_07\test_solution.py:7: AssertionError<br/></div></td></tr></tbody>
      <tbody class="failed results-table-row">
        <tr>
          <td>Chapter_07</td>
          <td class="col-result">Failed</td>
          <td class="col-name">Chapter_07/test_solution.py::TestChapter07::test_solution_02</td>
          <td class="col-duration">0.00</td></tr>
        <tr>
          <td class="extra" colspan="4">
            <div class="log">self = &lt;thinkcspy_assignments.Chapter_07.test_solution.TestChapter07 testMethod=test_solution_02&gt;<br/><br/>    def test_solution_02(self):<br/>&gt;       self.assertEqual(is_prime(5), True)<br/><span class="error">E       AssertionError: None != True</span><br/><br/>Chapter_07\test_solution.py:10: AssertionError<br/></div></td></tr></tbody>
      <tbody class="failed results-table-row">
        <tr>
          <td>Chapter_07</td>
          <td class="col-result">Failed</td>
          <td class="col-name">Chapter_07/test_solution.py::TestChapter07::test_solution_03</td>
          <td class="col-duration">0.00</td></tr>
        <tr>
          <td class="extra" colspan="4">
            <div class="log">self = &lt;thinkcspy_assignments.Chapter_07.test_solution.TestChapter07 testMethod=test_solution_03&gt;<br/><br/>    def test_solution_03(self):<br/>&gt;       self.assertEqual(is_prime(8), False)<br/><span class="error">E       AssertionError: None != False</span><br/><br/>Chapter_07\test_solution.py:13: AssertionError<br/></div></td></tr></tbody>
      <tbody class="failed results-table-row">
        <tr>
          <td>Chapter_07</td>
          <td class="col-result">Failed</td>
          <td class="col-name">Chapter_07/test_solution.py::TestChapter07::test_solution_04</td>
          <td class="col-duration">0.00</td></tr>
        <tr>
          <td class="extra" colspan="4">
            <div class="log">self = &lt;thinkcspy_assignments.Chapter_07.test_solution.TestChapter07 testMethod=test_solution_04&gt;<br/><br/>    def test_solution_04(self):<br/>&gt;       self.assertEqual(is_prime(199), True)<br/><span class="error">E       AssertionError: None != True</span><br/><br/>Chapter_07\test_solution.py:16: AssertionError<br/></div></td></tr></tbody>
      <tbody class="failed results-table-row">
        <tr>
          <td>Chapter_07</td>
          <td class="col-result">Failed</td>
          <td class="col-name">Chapter_07/test_solution.py::TestChapter07::test_solution_05</td>
          <td class="col-duration">0.00</td></tr>
        <tr>
          <td class="extra" colspan="4">
            <div class="log">self = &lt;thinkcspy_assignments.Chapter_07.test_solution.TestChapter07 testMethod=test_solution_05&gt;<br/><br/>    def test_solution_05(self):<br/>&gt;       self.assertEqual(is_prime(144), False)<br/><span class="error">E       AssertionError: None != False</span><br/><br/>Chapter_07\test_solution.py:19: AssertionError<br/></div></td></tr></tbody>
      <tbody class="failed results-table-row">
        <tr>
          <td>Chapter_07</td>
          <td class="col-result">Failed</td>
          <td class="col-name">Chapter_07/test_solution.py::TestChapter07::test_solution_06</td>
          <td class="col-duration">0.00</td></tr>
        <tr>
          <td class="extra" colspan="4">
            <div class="log">self = &lt;thinkcspy_assignments.Chapter_07.test_solution.TestChapter07 testMethod=test_solution_06&gt;<br/><br/>    def test_solution_06(self):<br/>&gt;       self.assertEqual(is_prime(2), True)<br/><span class="error">E       AssertionError: None != True</span><br/><br/>Chapter_07\test_solution.py:22: AssertionError<br/></div></td></tr></tbody>
      <tbody class="failed results-table-row">
        <tr>
          <td>Chapter_07</td>
          <td class="col-result">Failed</td>
          <td class="col-name">Chapter_07/test_solution.py::TestChapter07::test_solution_07</td>
          <td class="col-duration">0.00</td></tr>
        <tr>
          <td class="extra" colspan="4">
            <div class="log">self = &lt;thinkcspy_assignments.Chapter_07.test_solution.TestChapter07 testMethod=test_solution_07&gt;<br/><br/>    def test_solution_07(self):<br/>&gt;       self.assertEqual(is_prime(-19), False)<br/><span class="error">E       AssertionError: None != False</span><br/><br/>Chapter_07\test_solution.py:25: AssertionError<br/></div></td></tr></tbody>
      <tbody class="failed results-table-row">
        <tr>
          <td>Chapter_08</td>
          <td class="col-result">Failed</td>
          <td class="col-name">Chapter_08/test_solution.py::TestChapter08::test_solution</td>
          <td class="col-duration">0.00</td></tr>
        <tr>
          <td class="extra" colspan="4">
            <div class="log">self = &lt;thinkcspy_assignments.Chapter_08.test_solution.TestChapter08 testMethod=test_solution&gt;<br/><br/>    def test_solution(self):<br/>        text = &quot;Eeeee&quot;<br/>        answer = &quot;The text contains 5 alphabetic characters, of which 5 (100.0%) are &#x27;e&#x27;.&quot;<br/>&gt;       self.assertEqual(analyze_text(text), answer)<br/><span class="error">E       AssertionError: None != &quot;The text contains 5 alphabetic characters, of which 5 (100.0%) are &#x27;e&#x27;.&quot;</span><br/><br/>Chapter_08\test_solution.py:9: AssertionError<br/></div></td></tr></tbody>
      <tbody class="failed results-table-row">
        <tr>
          <td>Chapter_08</td>
          <td class="col-result">Failed</td>
          <td class="col-name">Chapter_08/test_solution.py::TestChapter08::test_solution_02</td>
          <td class="col-duration">0.02</td></tr>
        <tr>
          <td class="extra" colspan="4">
            <div class="log">self = &lt;thinkcspy_assignments.Chapter_08.test_solution.TestChapter08 testMethod=test_solution_02&gt;<br/><br/>    def test_solution_02(self):<br/>        text = &quot;Blueberries are tastey!&quot;<br/>        answer = &quot;The text contains 20 alphabetic characters, of which 5 (25.0%) are &#x27;e&#x27;.&quot;<br/>&gt;       self.assertEqual(analyze_text(text), answer)<br/><span class="error">E       AssertionError: None != &quot;The text contains 20 alphabetic characters, of which 5 (25.0%) are &#x27;e&#x27;.&quot;</span><br/><br/>Chapter_08\test_solution.py:14: AssertionError<br/></div></td></tr></tbody>
      <tbody class="failed results-table-row">
        <tr>
          <td>Chapter_08</td>
          <td class="col-result">Failed</td>
          <td class="col-name">Chapter_08/test_solution.py::TestChapter08::test_solution_03</td>
          <td class="col-duration">0.00</td></tr>
        <tr>
          <td class="extra" colspan="4">
            <div class="log">self = &lt;thinkcspy_assignments.Chapter_08.test_solution.TestChapter08 testMethod=test_solution_03&gt;<br/><br/>    def test_solution_03(self):<br/>        text = &quot;Wright&#x27;s book, Gadsby, contains a total of 0 of that most common symbol ;)&quot;<br/>        answer = &quot;The text contains 55 alphabetic characters, of which 0 (0.0%) are &#x27;e&#x27;.&quot;<br/>&gt;       self.assertEqual(analyze_text(text), answer)<br/><span class="error">E       AssertionError: None != &quot;The text contains 55 alphabetic characters, of which 0 (0.0%) are &#x27;e&#x27;.&quot;</span><br/><br/>Chapter_08\test_solution.py:19: AssertionError<br/></div></td></tr></tbody>
      <tbody class="passed results-table-row">
        <tr>
          <td>Chapter_09</td>
          <td class="col-result">Passed</td>
          <td class="col-name">Chapter_09/test_solution.py::TestChapter09::test_solution</td>
          <td class="col-duration">0.00</td></tr>
        <tr>
          <td class="extra" colspan="4">
            <div class="empty log">No log output captured.</div></td></tr></tbody>
      <tbody class="passed results-table-row">
        <tr>
          <td>Chapter_10</td>
          <td class="col-result">Passed</td>
          <td class="col-name">Chapter_10/test_solution.py::TestChapter10::test_solution</td>
          <td class="col-duration">0.00</td></tr>
        <tr>
          <td class="extra" colspan="4">
            <div class="empty log">No log output captured.</div></td></tr></tbody>
      <tbody class="passed results-table-row">
        <tr>
          <td>Chapter_11</td>
          <td class="col-result">Passed</td>
          <td class="col-name">Chapter_11/test_solution.py::TestChapter11::test_solution</td>
          <td class="col-duration">0.00</td></tr>
        <tr>
          <td class="extra" colspan="4">
            <div class="empty log">No log output captured.</div></td></tr></tbody>
      <tbody class="passed results-table-row">
        <tr>
          <td>Chapter_13</td>
          <td class="col-result">Passed</td>
          <td class="col-name">Chapter_13/test_solution.py::TestChapter13::test_solution</td>
          <td class="col-duration">0.00</td></tr>
        <tr>
          <td class="extra" colspan="4">
            <div class="empty log">No log output captured.</div></td></tr></tbody>
      <tbody class="passed results-table-row">
        <tr>
          <td>Chapter_14</td>
          <td class="col-result">Passed</td>
          <td class="col-name">Chapter_14/test_solution.py::TestChapter14::test_solution</td>
          <td class="col-duration">0.00</td></tr>
        <tr>
          <td class="extra" colspan="4">
            <div class="empty log">No log output captured.</div></td></tr></tbody></table></body></html>